c:\users\kuten\documents\visual studio 2015\projects\qge\directxtex\bin\desktop_2015\win32\release\directxtex.pch
c:\users\kuten\documents\visual studio 2015\projects\qge\directxtex\bin\desktop_2015\win32\release\directxtex.pdb
c:\users\kuten\documents\visual studio 2015\projects\qge\directxtex\bin\desktop_2015\win32\release\directxtexutil.obj
c:\users\kuten\documents\visual studio 2015\projects\qge\directxtex\bin\desktop_2015\win32\release\directxtexwic.obj
c:\users\kuten\documents\visual studio 2015\projects\qge\directxtex\bin\desktop_2015\win32\release\directxtextga.obj
c:\users\kuten\documents\visual studio 2015\projects\qge\directxtex\bin\desktop_2015\win32\release\directxtexresize.obj
c:\users\kuten\documents\visual studio 2015\projects\qge\directxtex\bin\desktop_2015\win32\release\directxtexpmalpha.obj
c:\users\kuten\documents\visual studio 2015\projects\qge\directxtex\bin\desktop_2015\win32\release\directxtexnormalmaps.obj
c:\users\kuten\documents\visual studio 2015\projects\qge\directxtex\bin\desktop_2015\win32\release\directxtexmisc.obj
c:\users\kuten\documents\visual studio 2015\projects\qge\directxtex\bin\desktop_2015\win32\release\directxtexmipmaps.obj
c:\users\kuten\documents\visual studio 2015\projects\qge\directxtex\bin\desktop_2015\win32\release\directxteximage.obj
c:\users\kuten\documents\visual studio 2015\projects\qge\directxtex\bin\desktop_2015\win32\release\directxtexfliprotate.obj
c:\users\kuten\documents\visual studio 2015\projects\qge\directxtex\bin\desktop_2015\win32\release\directxtexdds.obj
c:\users\kuten\documents\visual studio 2015\projects\qge\directxtex\bin\desktop_2015\win32\release\directxtexd3d11.obj
c:\users\kuten\documents\visual studio 2015\projects\qge\directxtex\bin\desktop_2015\win32\release\directxtexconvert.obj
c:\users\kuten\documents\visual studio 2015\projects\qge\directxtex\bin\desktop_2015\win32\release\directxtexcompressgpu.obj
c:\users\kuten\documents\visual studio 2015\projects\qge\directxtex\bin\desktop_2015\win32\release\directxtexcompress.obj
c:\users\kuten\documents\visual studio 2015\projects\qge\directxtex\bin\desktop_2015\win32\release\bcdirectcompute.obj
c:\users\kuten\documents\visual studio 2015\projects\qge\directxtex\bin\desktop_2015\win32\release\bc6hbc7.obj
c:\users\kuten\documents\visual studio 2015\projects\qge\directxtex\bin\desktop_2015\win32\release\bc4bc5.obj
c:\users\kuten\documents\visual studio 2015\projects\qge\directxtex\bin\desktop_2015\win32\release\bc.obj
c:\users\kuten\documents\visual studio 2015\projects\qge\directxtex\bin\desktop_2015\win32\release\directxtex.lib
c:\users\kuten\documents\visual studio 2015\projects\qge\directxtex\bin\desktop_2015\win32\release\directxtex.tlog\cl.command.1.tlog
c:\users\kuten\documents\visual studio 2015\projects\qge\directxtex\bin\desktop_2015\win32\release\directxtex.tlog\cl.read.1.tlog
c:\users\kuten\documents\visual studio 2015\projects\qge\directxtex\bin\desktop_2015\win32\release\directxtex.tlog\cl.write.1.tlog
c:\users\kuten\documents\visual studio 2015\projects\qge\directxtex\bin\desktop_2015\win32\release\directxtex.tlog\lib-link.write.1.tlog
c:\users\kuten\documents\visual studio 2015\projects\qge\directxtex\bin\desktop_2015\win32\release\directxtex.tlog\lib.command.1.tlog
c:\users\kuten\documents\visual studio 2015\projects\qge\directxtex\bin\desktop_2015\win32\release\directxtex.tlog\lib.read.1.tlog
