  SVOPipeline.cpp
  Создание кода
  1 of 7204 functions ( 0.0%) were compiled, the rest were copied from previous compilation.
    0 functions were new in current compilation
    1 functions had inline decision re-evaluated but remain unchanged
  Создание кода завершено
Effects11.lib(EffectAPI.obj) : warning LNK4099: "Effects11.pdb" PDB не найден с "Effects11.lib(EffectAPI.obj)" или на "C:\Users\kuten\Documents\Visual Studio 2015\Projects\QGE\Release\Effects11.pdb"; компоновка объекта выполняется как при отсутствии отладочных данных
Effects11.lib(EffectNonRuntime.obj) : warning LNK4099: "Effects11.pdb" PDB не найден с "Effects11.lib(EffectNonRuntime.obj)" или на "C:\Users\kuten\Documents\Visual Studio 2015\Projects\QGE\Release\Effects11.pdb"; компоновка объекта выполняется как при отсутствии отладочных данных
Effects11.lib(EffectLoad.obj) : warning LNK4099: "Effects11.pdb" PDB не найден с "Effects11.lib(EffectLoad.obj)" или на "C:\Users\kuten\Documents\Visual Studio 2015\Projects\QGE\Release\Effects11.pdb"; компоновка объекта выполняется как при отсутствии отладочных данных
Effects11.lib(d3dxGlobal.obj) : warning LNK4099: "Effects11.pdb" PDB не найден с "Effects11.lib(d3dxGlobal.obj)" или на "C:\Users\kuten\Documents\Visual Studio 2015\Projects\QGE\Release\Effects11.pdb"; компоновка объекта выполняется как при отсутствии отладочных данных
Effects11.lib(EffectReflection.obj) : warning LNK4099: "Effects11.pdb" PDB не найден с "Effects11.lib(EffectReflection.obj)" или на "C:\Users\kuten\Documents\Visual Studio 2015\Projects\QGE\Release\Effects11.pdb"; компоновка объекта выполняется как при отсутствии отладочных данных
Effects11.lib(EffectRuntime.obj) : warning LNK4099: "Effects11.pdb" PDB не найден с "Effects11.lib(EffectRuntime.obj)" или на "C:\Users\kuten\Documents\Visual Studio 2015\Projects\QGE\Release\Effects11.pdb"; компоновка объекта выполняется как при отсутствии отладочных данных
DirectXTex.lib(BC.obj) : warning LNK4099: "DirectXTex.pdb" PDB не найден с "DirectXTex.lib(BC.obj)" или на "C:\Users\kuten\Documents\Visual Studio 2015\Projects\QGE\Release\DirectXTex.pdb"; компоновка объекта выполняется как при отсутствии отладочных данных
DirectXTex.lib(BC4BC5.obj) : warning LNK4099: "DirectXTex.pdb" PDB не найден с "DirectXTex.lib(BC4BC5.obj)" или на "C:\Users\kuten\Documents\Visual Studio 2015\Projects\QGE\Release\DirectXTex.pdb"; компоновка объекта выполняется как при отсутствии отладочных данных
DirectXTex.lib(BC6HBC7.obj) : warning LNK4099: "DirectXTex.pdb" PDB не найден с "DirectXTex.lib(BC6HBC7.obj)" или на "C:\Users\kuten\Documents\Visual Studio 2015\Projects\QGE\Release\DirectXTex.pdb"; компоновка объекта выполняется как при отсутствии отладочных данных
DirectXTex.lib(DirectXTexCompress.obj) : warning LNK4099: "DirectXTex.pdb" PDB не найден с "DirectXTex.lib(DirectXTexCompress.obj)" или на "C:\Users\kuten\Documents\Visual Studio 2015\Projects\QGE\Release\DirectXTex.pdb"; компоновка объекта выполняется как при отсутствии отладочных данных
DirectXTex.lib(DirectXTexConvert.obj) : warning LNK4099: "DirectXTex.pdb" PDB не найден с "DirectXTex.lib(DirectXTexConvert.obj)" или на "C:\Users\kuten\Documents\Visual Studio 2015\Projects\QGE\Release\DirectXTex.pdb"; компоновка объекта выполняется как при отсутствии отладочных данных
DirectXTex.lib(DirectXTexD3D11.obj) : warning LNK4099: "DirectXTex.pdb" PDB не найден с "DirectXTex.lib(DirectXTexD3D11.obj)" или на "C:\Users\kuten\Documents\Visual Studio 2015\Projects\QGE\Release\DirectXTex.pdb"; компоновка объекта выполняется как при отсутствии отладочных данных
DirectXTex.lib(DirectXTexDDS.obj) : warning LNK4099: "DirectXTex.pdb" PDB не найден с "DirectXTex.lib(DirectXTexDDS.obj)" или на "C:\Users\kuten\Documents\Visual Studio 2015\Projects\QGE\Release\DirectXTex.pdb"; компоновка объекта выполняется как при отсутствии отладочных данных
DirectXTex.lib(DirectXTexImage.obj) : warning LNK4099: "DirectXTex.pdb" PDB не найден с "DirectXTex.lib(DirectXTexImage.obj)" или на "C:\Users\kuten\Documents\Visual Studio 2015\Projects\QGE\Release\DirectXTex.pdb"; компоновка объекта выполняется как при отсутствии отладочных данных
DirectXTex.lib(DirectXTexMipMaps.obj) : warning LNK4099: "DirectXTex.pdb" PDB не найден с "DirectXTex.lib(DirectXTexMipMaps.obj)" или на "C:\Users\kuten\Documents\Visual Studio 2015\Projects\QGE\Release\DirectXTex.pdb"; компоновка объекта выполняется как при отсутствии отладочных данных
DirectXTex.lib(DirectXTexTGA.obj) : warning LNK4099: "DirectXTex.pdb" PDB не найден с "DirectXTex.lib(DirectXTexTGA.obj)" или на "C:\Users\kuten\Documents\Visual Studio 2015\Projects\QGE\Release\DirectXTex.pdb"; компоновка объекта выполняется как при отсутствии отладочных данных
DirectXTex.lib(DirectXTexUtil.obj) : warning LNK4099: "DirectXTex.pdb" PDB не найден с "DirectXTex.lib(DirectXTexUtil.obj)" или на "C:\Users\kuten\Documents\Visual Studio 2015\Projects\QGE\Release\DirectXTex.pdb"; компоновка объекта выполняется как при отсутствии отладочных данных
DirectXTex.lib(DirectXTexWIC.obj) : warning LNK4099: "DirectXTex.pdb" PDB не найден с "DirectXTex.lib(DirectXTexWIC.obj)" или на "C:\Users\kuten\Documents\Visual Studio 2015\Projects\QGE\Release\DirectXTex.pdb"; компоновка объекта выполняется как при отсутствии отладочных данных
  QGE.vcxproj -> C:\Users\kuten\Documents\Visual Studio 2015\Projects\QGE\Release\QGE.exe
  QGE.vcxproj -> C:\Users\kuten\Documents\Visual Studio 2015\Projects\QGE\Release\QGE.pdb (Full PDB)
