c:\users\kuten\documents\visual studio 2015\projects\qge\release\vc140.pdb
c:\users\kuten\documents\visual studio 2015\projects\qge\release\renderstates.obj
c:\users\kuten\documents\visual studio 2015\projects\qge\release\qge_gpu_framework.obj
c:\users\kuten\documents\visual studio 2015\projects\qge\release\ppll.obj
c:\users\kuten\documents\visual studio 2015\projects\qge\release\planarwatersurface.obj
c:\users\kuten\documents\visual studio 2015\projects\qge\release\particlesystem.obj
c:\users\kuten\documents\visual studio 2015\projects\qge\release\oit.obj
c:\users\kuten\documents\visual studio 2015\projects\qge\release\meshmanager.obj
c:\users\kuten\documents\visual studio 2015\projects\qge\release\globalillumination.obj
c:\users\kuten\documents\visual studio 2015\projects\qge\release\gamelogic.obj
c:\users\kuten\documents\visual studio 2015\projects\qge\release\fbxloader.obj
c:\users\kuten\documents\visual studio 2015\projects\qge\release\car.obj
c:\users\kuten\documents\visual studio 2015\projects\qge\release\camera.obj
c:\users\kuten\documents\visual studio 2015\projects\qge\release\blurfilter.obj
c:\users\kuten\documents\visual studio 2015\projects\qge\release\blur.obj
c:\users\kuten\documents\visual studio 2015\projects\qge\release\qge_core.obj
c:\users\kuten\documents\visual studio 2015\projects\qge\release\mathhelper.obj
c:\users\kuten\documents\visual studio 2015\projects\qge\release\lighthelper.obj
c:\users\kuten\documents\visual studio 2015\projects\qge\release\geometrygenerator.obj
c:\users\kuten\documents\visual studio 2015\projects\qge\release\gametimer.obj
c:\users\kuten\documents\visual studio 2015\projects\qge\release\d3dutil.obj
c:\users\kuten\documents\visual studio 2015\projects\qge\release\gui.obj
c:\users\kuten\documents\visual studio 2015\projects\qge\release\volumetriceffect.obj
c:\users\kuten\documents\visual studio 2015\projects\qge\release\terrain.obj
c:\users\kuten\documents\visual studio 2015\projects\qge\release\sslr.obj
c:\users\kuten\documents\visual studio 2015\projects\qge\release\ssao.obj
c:\users\kuten\documents\visual studio 2015\projects\qge\release\sph.obj
c:\users\kuten\documents\visual studio 2015\projects\qge\release\shadowmapping.obj
c:\users\kuten\documents\visual studio 2015\projects\qge\release\track.obj
c:\users\kuten\documents\visual studio 2015\projects\qge\release\physics.obj
c:\users\kuten\documents\visual studio 2015\projects\qge\release\gpucollision.obj
c:\users\kuten\documents\visual studio 2015\projects\qge\release\blur.cso
c:\users\kuten\documents\visual studio 2015\projects\qge\release\envmap.cso
c:\users\kuten\documents\visual studio 2015\projects\qge\release\fire.cso
c:\users\kuten\documents\visual studio 2015\projects\qge\release\gicleargrid.cso
c:\users\kuten\documents\visual studio 2015\projects\qge\release\gidefinitions.cso
c:\users\kuten\documents\visual studio 2015\projects\qge\release\gipropagatevpl.cso
c:\users\kuten\documents\visual studio 2015\projects\qge\release\oit.cso
c:\users\kuten\documents\visual studio 2015\projects\qge\release\oitdefinitions.cso
c:\users\kuten\documents\visual studio 2015\projects\qge\release\oitsort.cso
c:\users\kuten\documents\visual studio 2015\projects\qge\release\particledefinitions.cso
c:\users\kuten\documents\visual studio 2015\projects\qge\release\rain.cso
c:\users\kuten\documents\visual studio 2015\projects\qge\release\ssao.cso
c:\users\kuten\documents\visual studio 2015\projects\qge\release\ssaoblur.cso
c:\users\kuten\documents\visual studio 2015\projects\qge\release\sslrbuildhiz.cso
c:\users\kuten\documents\visual studio 2015\projects\qge\release\sslrconetracing.cso
c:\users\kuten\documents\visual studio 2015\projects\qge\release\sslrpreconvolution.cso
c:\users\kuten\documents\visual studio 2015\projects\qge\release\sslrpreintegrate.cso
c:\users\kuten\documents\visual studio 2015\projects\qge\release\sslrraytracing.cso
c:\users\kuten\documents\visual studio 2015\projects\qge\release\water.cso
c:\users\kuten\documents\visual studio 2015\projects\qge\release\watersort.cso
c:\users\kuten\documents\visual studio 2015\projects\qge\release\definitions.cso
c:\users\kuten\documents\visual studio 2015\projects\qge\release\gicreatevpl.cso
c:\users\kuten\documents\visual studio 2015\projects\qge\release\volumetricdefinitions.cso
c:\users\kuten\documents\visual studio 2015\projects\qge\release\volumetriceffects.cso
c:\users\kuten\documents\visual studio 2015\projects\qge\release\gpucollisionbuildgrid.cso
c:\users\kuten\documents\visual studio 2015\projects\qge\release\gpucollisiondefinitions.cso
c:\users\kuten\documents\visual studio 2015\projects\qge\release\gpucollisiondetect.cso
c:\users\kuten\documents\visual studio 2015\projects\qge\release\qge.exe
c:\users\kuten\documents\visual studio 2015\projects\qge\release\qge.ipdb
c:\users\kuten\documents\visual studio 2015\projects\qge\release\qge.iobj
c:\users\kuten\documents\visual studio 2015\projects\qge\release\qge.pdb
c:\users\kuten\documents\visual studio 2015\projects\qge\release\effects.cso
c:\users\kuten\documents\visual studio 2015\projects\qge\release\qge.res
c:\users\kuten\documents\visual studio 2015\projects\qge\release\qge.vcxprojresolveassemblyreference.cache
c:\users\kuten\documents\visual studio 2015\projects\qge\release\qge.tlog\cl.command.1.tlog
c:\users\kuten\documents\visual studio 2015\projects\qge\release\qge.tlog\cl.read.1.tlog
c:\users\kuten\documents\visual studio 2015\projects\qge\release\qge.tlog\cl.write.1.tlog
c:\users\kuten\documents\visual studio 2015\projects\qge\release\qge.tlog\fxc.command.1.tlog
c:\users\kuten\documents\visual studio 2015\projects\qge\release\qge.tlog\fxc.read.1.tlog
c:\users\kuten\documents\visual studio 2015\projects\qge\release\qge.tlog\fxc.write.1.tlog
c:\users\kuten\documents\visual studio 2015\projects\qge\release\qge.tlog\link.command.1.tlog
c:\users\kuten\documents\visual studio 2015\projects\qge\release\qge.tlog\link.read.1.tlog
c:\users\kuten\documents\visual studio 2015\projects\qge\release\qge.tlog\link.write.1.tlog
c:\users\kuten\documents\visual studio 2015\projects\qge\release\qge.tlog\qge.write.1u.tlog
c:\users\kuten\documents\visual studio 2015\projects\qge\release\qge.tlog\rc.command.1.tlog
c:\users\kuten\documents\visual studio 2015\projects\qge\release\qge.tlog\rc.read.1.tlog
c:\users\kuten\documents\visual studio 2015\projects\qge\release\qge.tlog\rc.write.1.tlog
