Сборка начата 02.10.2014 22:52:42.
     1>Проект "C:\Users\Ivan\Downloads\Effects11\Effects11_2010_SDK81.vcxproj" в узле 2 (целевые объекты Rebuild).
     1>ClCompile:
         C:\Program Files (x86)\Microsoft Visual Studio 12.0\VC\bin\CL.exe /c /I.\Binary /I.\Inc /ZI /nologo /W4 /WX- /Od /Oi /Oy- /D WIN32 /D _DEBUG /D DEBUG /D PROFILE /D _WINDOWS /D _LIB /D D3DXFX_LARGEADDRESS_HANDLE /D _UNICODE /D UNICODE /Gm- /EHsc /RTC1 /MDd /GS /arch:SSE2 /fp:fast /Zc:wchar_t /Zc:forScope /openmp- /Yc"pchfx.h" /Fp"Bin\Desktop_2010\Win32\Debug\Effects11.pch" /Fo"Bin\Desktop_2010\Win32\Debug\\" /Fd"Bin\Desktop_2010\Win32\Debug\Effects11.pdb" /Gd /TP /analyze- /errorReport:prompt  d3dxGlobal.cpp
         d3dxGlobal.cpp
         C:\Program Files (x86)\Microsoft Visual Studio 12.0\VC\bin\CL.exe /c /I.\Binary /I.\Inc /ZI /nologo /W4 /WX- /Od /Oi /Oy- /D WIN32 /D _DEBUG /D DEBUG /D PROFILE /D _WINDOWS /D _LIB /D D3DXFX_LARGEADDRESS_HANDLE /D _UNICODE /D UNICODE /Gm- /EHsc /RTC1 /MDd /GS /arch:SSE2 /fp:fast /Zc:wchar_t /Zc:forScope /openmp- /Yu"pchfx.h" /Fp"Bin\Desktop_2010\Win32\Debug\Effects11.pch" /Fo"Bin\Desktop_2010\Win32\Debug\\" /Fd"Bin\Desktop_2010\Win32\Debug\Effects11.pdb" /Gd /TP /analyze- /errorReport:prompt  EffectAPI.cpp EffectLoad.cpp EffectNonRuntime.cpp EffectReflection.cpp EffectRuntime.cpp
         EffectAPI.cpp
         EffectLoad.cpp
         EffectNonRuntime.cpp
         EffectReflection.cpp
         EffectRuntime.cpp
         Создание кода...
       Lib:
         C:\Program Files (x86)\Microsoft Visual Studio 12.0\VC\bin\Lib.exe /OUT:"Bin\Desktop_2010\Win32\Debug\Effects11.lib" /NOLOGO Bin\Desktop_2010\Win32\Debug\d3dxGlobal.obj
         Bin\Desktop_2010\Win32\Debug\EffectAPI.obj
         Bin\Desktop_2010\Win32\Debug\EffectLoad.obj
         Bin\Desktop_2010\Win32\Debug\EffectNonRuntime.obj
         Bin\Desktop_2010\Win32\Debug\EffectReflection.obj
         Bin\Desktop_2010\Win32\Debug\EffectRuntime.obj
         Effects11_2010_SDK81.vcxproj -> C:\Users\Ivan\Downloads\Effects11\Bin\Desktop_2010\Win32\Debug\Effects11.lib
     1>Сборка проекта "C:\Users\Ivan\Downloads\Effects11\Effects11_2010_SDK81.vcxproj" завершена (целевые объекты Rebuild).

Сборка успешно завершена.

Затраченное время: 00:00:02.17
